2023-05-29 21:04:59.888  INFO 10480 --- [restartedMain] com.example.demo.TrazAppApplication      : Starting TrazAppApplication using Java 11.0.16 on DESKTOP-8GTQLAV with PID 10480 (C:\Users\Usuario\eclipse-workspace\trazapp_api\target\classes started by Usuario in C:\Users\Usuario\eclipse-workspace\trazapp_api)
2023-05-29 21:04:59.894  INFO 10480 --- [restartedMain] com.example.demo.TrazAppApplication      : No active profile set, falling back to 1 default profile: "default"
2023-05-29 21:04:59.951  INFO 10480 --- [restartedMain] .e.DevToolsPropertyDefaultsPostProcessor : Devtools property defaults active! Set 'spring.devtools.add-properties' to 'false' to disable
2023-05-29 21:04:59.952  INFO 10480 --- [restartedMain] .e.DevToolsPropertyDefaultsPostProcessor : For additional web related logging consider setting the 'logging.level.web' property to 'DEBUG'
2023-05-29 21:05:00.656  INFO 10480 --- [restartedMain] .s.d.r.c.RepositoryConfigurationDelegate : Bootstrapping Spring Data JPA repositories in DEFAULT mode.
2023-05-29 21:05:00.734  INFO 10480 --- [restartedMain] .s.d.r.c.RepositoryConfigurationDelegate : Finished Spring Data repository scanning in 68 ms. Found 10 JPA repository interfaces.
2023-05-29 21:05:01.424  INFO 10480 --- [restartedMain] o.s.b.w.embedded.tomcat.TomcatWebServer  : Tomcat initialized with port(s): 8080 (http)
2023-05-29 21:05:01.434  INFO 10480 --- [restartedMain] o.apache.catalina.core.StandardService   : Starting service [Tomcat]
2023-05-29 21:05:01.434  INFO 10480 --- [restartedMain] org.apache.catalina.core.StandardEngine  : Starting Servlet engine: [Apache Tomcat/9.0.71]
2023-05-29 21:05:01.509  INFO 10480 --- [restartedMain] o.a.c.c.C.[.[localhost].[/trazapp]       : Initializing Spring embedded WebApplicationContext
2023-05-29 21:05:01.510  INFO 10480 --- [restartedMain] w.s.c.ServletWebServerApplicationContext : Root WebApplicationContext: initialization completed in 1558 ms
2023-05-29 21:05:01.685  INFO 10480 --- [restartedMain] o.hibernate.jpa.internal.util.LogHelper  : HHH000204: Processing PersistenceUnitInfo [name: default]
2023-05-29 21:05:01.739  INFO 10480 --- [restartedMain] org.hibernate.Version                    : HHH000412: Hibernate ORM core version 5.6.14.Final
2023-05-29 21:05:01.892  INFO 10480 --- [restartedMain] o.hibernate.annotations.common.Version   : HCANN000001: Hibernate Commons Annotations {5.1.2.Final}
2023-05-29 21:05:01.986  INFO 10480 --- [restartedMain] com.zaxxer.hikari.HikariDataSource       : HikariPool-1 - Starting...
2023-05-29 21:05:02.052  INFO 10480 --- [restartedMain] com.zaxxer.hikari.HikariDataSource       : HikariPool-1 - Start completed.
2023-05-29 21:05:02.079  INFO 10480 --- [restartedMain] org.hibernate.dialect.Dialect            : HHH000400: Using dialect: org.hibernate.dialect.MariaDB103Dialect
2023-05-29 21:05:02.751  INFO 10480 --- [restartedMain] o.h.e.t.j.p.i.JtaPlatformInitiator       : HHH000490: Using JtaPlatform implementation: [org.hibernate.engine.transaction.jta.platform.internal.NoJtaPlatform]
2023-05-29 21:05:02.758  INFO 10480 --- [restartedMain] j.LocalContainerEntityManagerFactoryBean : Initialized JPA EntityManagerFactory for persistence unit 'default'
2023-05-29 21:05:03.242  WARN 10480 --- [restartedMain] JpaBaseConfiguration$JpaWebConfiguration : spring.jpa.open-in-view is enabled by default. Therefore, database queries may be performed during view rendering. Explicitly configure spring.jpa.open-in-view to disable this warning
2023-05-29 21:05:03.523  INFO 10480 --- [restartedMain] o.s.b.d.a.OptionalLiveReloadServer       : LiveReload server is running on port 35729
2023-05-29 21:05:03.549  INFO 10480 --- [restartedMain] o.s.b.w.embedded.tomcat.TomcatWebServer  : Tomcat started on port(s): 8080 (http) with context path '/trazapp'
2023-05-29 21:05:03.556  INFO 10480 --- [restartedMain] com.example.demo.TrazAppApplication      : Started TrazAppApplication in 4.071 seconds (JVM running for 4.617)
2023-05-29 21:06:14.033  INFO 10480 --- [http-nio-8080-exec-1] o.a.c.c.C.[.[localhost].[/trazapp]       : Initializing Spring DispatcherServlet 'dispatcherServlet'
2023-05-29 21:06:14.033  INFO 10480 --- [http-nio-8080-exec-1] o.s.web.servlet.DispatcherServlet        : Initializing Servlet 'dispatcherServlet'
2023-05-29 21:06:14.034  INFO 10480 --- [http-nio-8080-exec-1] o.s.web.servlet.DispatcherServlet        : Completed initialization in 1 ms
